[0.016s] Invoking command in '/home/ice/dev_ws/build/mek_lilrobot': CMAKE_PREFIX_PATH=${CMAKE_PREFIX_PATH}:/opt/ros/foxy /usr/bin/cmake --build /home/ice/dev_ws/build/mek_lilrobot -- -j16 -l16
[0.045s] Invoked command in '/home/ice/dev_ws/build/mek_lilrobot' returned '0': CMAKE_PREFIX_PATH=${CMAKE_PREFIX_PATH}:/opt/ros/foxy /usr/bin/cmake --build /home/ice/dev_ws/build/mek_lilrobot -- -j16 -l16
[0.066s] Invoking command in '/home/ice/dev_ws/build/mek_lilrobot': CMAKE_PREFIX_PATH=${CMAKE_PREFIX_PATH}:/opt/ros/foxy /usr/bin/cmake --install /home/ice/dev_ws/build/mek_lilrobot
[0.072s] -- Install configuration: ""
[0.072s] -- Execute custom install script
[0.073s] -- Up-to-date symlink: /home/ice/dev_ws/install/mek_lilrobot/share/mek_lilrobot/description/robot.urdf.xacro
[0.073s] -- Up-to-date symlink: /home/ice/dev_ws/install/mek_lilrobot/share/mek_lilrobot/description/robot_core.xacro
[0.073s] -- Up-to-date symlink: /home/ice/dev_ws/install/mek_lilrobot/share/mek_lilrobot/launch/rsp.launch.py
[0.073s] -- Up-to-date symlink: /home/ice/dev_ws/install/mek_lilrobot/share/ament_index/resource_index/package_run_dependencies/mek_lilrobot
[0.073s] -- Up-to-date symlink: /home/ice/dev_ws/install/mek_lilrobot/share/ament_index/resource_index/parent_prefix_path/mek_lilrobot
[0.074s] -- Up-to-date symlink: /home/ice/dev_ws/install/mek_lilrobot/share/mek_lilrobot/environment/ament_prefix_path.sh
[0.074s] -- Up-to-date symlink: /home/ice/dev_ws/install/mek_lilrobot/share/mek_lilrobot/environment/ament_prefix_path.dsv
[0.074s] -- Up-to-date symlink: /home/ice/dev_ws/install/mek_lilrobot/share/mek_lilrobot/environment/path.sh
[0.074s] -- Up-to-date symlink: /home/ice/dev_ws/install/mek_lilrobot/share/mek_lilrobot/environment/path.dsv
[0.074s] -- Up-to-date symlink: /home/ice/dev_ws/install/mek_lilrobot/share/mek_lilrobot/local_setup.bash
[0.075s] -- Up-to-date symlink: /home/ice/dev_ws/install/mek_lilrobot/share/mek_lilrobot/local_setup.sh
[0.075s] -- Up-to-date symlink: /home/ice/dev_ws/install/mek_lilrobot/share/mek_lilrobot/local_setup.zsh
[0.075s] -- Up-to-date symlink: /home/ice/dev_ws/install/mek_lilrobot/share/mek_lilrobot/local_setup.dsv
[0.075s] -- Symlinking: /home/ice/dev_ws/install/mek_lilrobot/share/mek_lilrobot/package.dsv
[0.082s] -- Up-to-date symlink: /home/ice/dev_ws/install/mek_lilrobot/share/ament_index/resource_index/packages/mek_lilrobot
[0.083s] -- Up-to-date symlink: /home/ice/dev_ws/install/mek_lilrobot/share/mek_lilrobot/cmake/mek_lilrobotConfig.cmake
[0.083s] -- Up-to-date symlink: /home/ice/dev_ws/install/mek_lilrobot/share/mek_lilrobot/cmake/mek_lilrobotConfig-version.cmake
[0.083s] -- Up-to-date symlink: /home/ice/dev_ws/install/mek_lilrobot/share/mek_lilrobot/package.xml
[0.085s] Invoked command in '/home/ice/dev_ws/build/mek_lilrobot' returned '0': CMAKE_PREFIX_PATH=${CMAKE_PREFIX_PATH}:/opt/ros/foxy /usr/bin/cmake --install /home/ice/dev_ws/build/mek_lilrobot
