[0.013s] Invoking command in '/home/ice/dev_ws/build/mek_lilrobot': CMAKE_PREFIX_PATH=${CMAKE_PREFIX_PATH}:/opt/ros/foxy /usr/bin/cmake /home/ice/dev_ws/src/mek_lilrobot -DAMENT_CMAKE_SYMLINK_INSTALL=1 -DCMAKE_INSTALL_PREFIX=/home/ice/dev_ws/install/mek_lilrobot
[0.021s] -- Found ament_cmake: 0.9.11 (/opt/ros/foxy/share/ament_cmake/cmake)
[0.036s] -- Using PYTHON_EXECUTABLE: /usr/bin/python3
[0.156s] -- Override CMake install command with custom implementation using symlinks instead of copying resources
[0.162s] -- Found ament_lint_auto: 0.9.7 (/opt/ros/foxy/share/ament_lint_auto/cmake)
[0.207s] -- Added test 'copyright' to check source files copyright and LICENSE
[0.208s] -- Added test 'flake8' to check Python code syntax and style conventions
[0.208s] -- Added test 'lint_cmake' to check CMake code style
[0.208s] -- Added test 'pep257' to check Python code against some of the style conventions in PEP 257
[0.209s] -- Added test 'xmllint' to check XML markup files
[0.210s] -- Configuring done
[0.212s] -- Generating done
[0.213s] -- Build files have been written to: /home/ice/dev_ws/build/mek_lilrobot
[0.215s] Invoked command in '/home/ice/dev_ws/build/mek_lilrobot' returned '0': CMAKE_PREFIX_PATH=${CMAKE_PREFIX_PATH}:/opt/ros/foxy /usr/bin/cmake /home/ice/dev_ws/src/mek_lilrobot -DAMENT_CMAKE_SYMLINK_INSTALL=1 -DCMAKE_INSTALL_PREFIX=/home/ice/dev_ws/install/mek_lilrobot
[0.217s] Invoking command in '/home/ice/dev_ws/build/mek_lilrobot': CMAKE_PREFIX_PATH=${CMAKE_PREFIX_PATH}:/opt/ros/foxy /usr/bin/cmake --build /home/ice/dev_ws/build/mek_lilrobot -- -j16 -l16
[0.243s] Invoked command in '/home/ice/dev_ws/build/mek_lilrobot' returned '0': CMAKE_PREFIX_PATH=${CMAKE_PREFIX_PATH}:/opt/ros/foxy /usr/bin/cmake --build /home/ice/dev_ws/build/mek_lilrobot -- -j16 -l16
[0.266s] Invoking command in '/home/ice/dev_ws/build/mek_lilrobot': CMAKE_PREFIX_PATH=${CMAKE_PREFIX_PATH}:/opt/ros/foxy /usr/bin/cmake --install /home/ice/dev_ws/build/mek_lilrobot
[0.271s] -- Install configuration: ""
[0.271s] -- Execute custom install script
[0.272s] -- Up-to-date symlink: /home/ice/dev_ws/install/mek_lilrobot/share/mek_lilrobot/launch/rsp.launch.py
[0.272s] -- Up-to-date symlink: /home/ice/dev_ws/install/mek_lilrobot/share/ament_index/resource_index/package_run_dependencies/mek_lilrobot
[0.272s] -- Up-to-date symlink: /home/ice/dev_ws/install/mek_lilrobot/share/ament_index/resource_index/parent_prefix_path/mek_lilrobot
[0.272s] -- Up-to-date symlink: /home/ice/dev_ws/install/mek_lilrobot/share/mek_lilrobot/environment/ament_prefix_path.sh
[0.273s] -- Up-to-date symlink: /home/ice/dev_ws/install/mek_lilrobot/share/mek_lilrobot/environment/ament_prefix_path.dsv
[0.273s] -- Up-to-date symlink: /home/ice/dev_ws/install/mek_lilrobot/share/mek_lilrobot/environment/path.sh
[0.273s] -- Up-to-date symlink: /home/ice/dev_ws/install/mek_lilrobot/share/mek_lilrobot/environment/path.dsv
[0.274s] -- Up-to-date symlink: /home/ice/dev_ws/install/mek_lilrobot/share/mek_lilrobot/local_setup.bash
[0.274s] -- Up-to-date symlink: /home/ice/dev_ws/install/mek_lilrobot/share/mek_lilrobot/local_setup.sh
[0.274s] -- Up-to-date symlink: /home/ice/dev_ws/install/mek_lilrobot/share/mek_lilrobot/local_setup.zsh
[0.274s] -- Up-to-date symlink: /home/ice/dev_ws/install/mek_lilrobot/share/mek_lilrobot/local_setup.dsv
[0.274s] -- Symlinking: /home/ice/dev_ws/install/mek_lilrobot/share/mek_lilrobot/package.dsv
[0.280s] -- Up-to-date symlink: /home/ice/dev_ws/install/mek_lilrobot/share/ament_index/resource_index/packages/mek_lilrobot
[0.281s] -- Up-to-date symlink: /home/ice/dev_ws/install/mek_lilrobot/share/mek_lilrobot/cmake/mek_lilrobotConfig.cmake
[0.281s] -- Up-to-date symlink: /home/ice/dev_ws/install/mek_lilrobot/share/mek_lilrobot/cmake/mek_lilrobotConfig-version.cmake
[0.281s] -- Up-to-date symlink: /home/ice/dev_ws/install/mek_lilrobot/share/mek_lilrobot/package.xml
[0.283s] Invoked command in '/home/ice/dev_ws/build/mek_lilrobot' returned '0': CMAKE_PREFIX_PATH=${CMAKE_PREFIX_PATH}:/opt/ros/foxy /usr/bin/cmake --install /home/ice/dev_ws/build/mek_lilrobot
