[0.015s] Invoking command in '/home/ice/dev_ws/build/mek_lilrobot': CMAKE_PREFIX_PATH=${CMAKE_PREFIX_PATH}:/opt/ros/foxy /usr/bin/cmake --build /home/ice/dev_ws/build/mek_lilrobot -- -j16 -l16
[0.040s] Invoked command in '/home/ice/dev_ws/build/mek_lilrobot' returned '0': CMAKE_PREFIX_PATH=${CMAKE_PREFIX_PATH}:/opt/ros/foxy /usr/bin/cmake --build /home/ice/dev_ws/build/mek_lilrobot -- -j16 -l16
[0.063s] Invoking command in '/home/ice/dev_ws/build/mek_lilrobot': CMAKE_PREFIX_PATH=${CMAKE_PREFIX_PATH}:/opt/ros/foxy /usr/bin/cmake --install /home/ice/dev_ws/build/mek_lilrobot
[0.068s] -- Install configuration: ""
[0.068s] -- Execute custom install script
[0.069s] -- Up-to-date symlink: /home/ice/dev_ws/install/mek_lilrobot/share/mek_lilrobot/launch/rsp.launch.py
[0.069s] -- Up-to-date symlink: /home/ice/dev_ws/install/mek_lilrobot/share/ament_index/resource_index/package_run_dependencies/mek_lilrobot
[0.069s] -- Up-to-date symlink: /home/ice/dev_ws/install/mek_lilrobot/share/ament_index/resource_index/parent_prefix_path/mek_lilrobot
[0.069s] -- Up-to-date symlink: /home/ice/dev_ws/install/mek_lilrobot/share/mek_lilrobot/environment/ament_prefix_path.sh
[0.070s] -- Up-to-date symlink: /home/ice/dev_ws/install/mek_lilrobot/share/mek_lilrobot/environment/ament_prefix_path.dsv
[0.070s] -- Up-to-date symlink: /home/ice/dev_ws/install/mek_lilrobot/share/mek_lilrobot/environment/path.sh
[0.070s] -- Up-to-date symlink: /home/ice/dev_ws/install/mek_lilrobot/share/mek_lilrobot/environment/path.dsv
[0.070s] -- Up-to-date symlink: /home/ice/dev_ws/install/mek_lilrobot/share/mek_lilrobot/local_setup.bash
[0.070s] -- Up-to-date symlink: /home/ice/dev_ws/install/mek_lilrobot/share/mek_lilrobot/local_setup.sh
[0.071s] -- Up-to-date symlink: /home/ice/dev_ws/install/mek_lilrobot/share/mek_lilrobot/local_setup.zsh
[0.071s] -- Up-to-date symlink: /home/ice/dev_ws/install/mek_lilrobot/share/mek_lilrobot/local_setup.dsv
[0.071s] -- Symlinking: /home/ice/dev_ws/install/mek_lilrobot/share/mek_lilrobot/package.dsv
[0.078s] -- Up-to-date symlink: /home/ice/dev_ws/install/mek_lilrobot/share/ament_index/resource_index/packages/mek_lilrobot
[0.078s] -- Up-to-date symlink: /home/ice/dev_ws/install/mek_lilrobot/share/mek_lilrobot/cmake/mek_lilrobotConfig.cmake
[0.078s] -- Up-to-date symlink: /home/ice/dev_ws/install/mek_lilrobot/share/mek_lilrobot/cmake/mek_lilrobotConfig-version.cmake
[0.079s] -- Up-to-date symlink: /home/ice/dev_ws/install/mek_lilrobot/share/mek_lilrobot/package.xml
[0.080s] Invoked command in '/home/ice/dev_ws/build/mek_lilrobot' returned '0': CMAKE_PREFIX_PATH=${CMAKE_PREFIX_PATH}:/opt/ros/foxy /usr/bin/cmake --install /home/ice/dev_ws/build/mek_lilrobot
