[0.256s] DEBUG:colcon:Command line arguments: ['/usr/bin/colcon', 'build', '--symlink-install']
[0.256s] DEBUG:colcon:Parsed command line arguments: Namespace(allow_overriding=[], ament_cmake_args=None, base_paths=['.'], build_base='build', catkin_cmake_args=None, catkin_skip_building_tests=False, cmake_args=None, cmake_clean_cache=False, cmake_clean_first=False, cmake_force_configure=False, cmake_target=None, cmake_target_skip_unavailable=False, continue_on_error=False, event_handlers=None, executor='parallel', ignore_user_meta=False, install_base='install', log_base=None, log_level=None, main=<bound method BuildVerb.main of <colcon_core.verb.build.BuildVerb object at 0x7fcebde239a0>>, merge_install=False, metas=['./colcon.meta'], packages_above=None, packages_above_and_dependencies=None, packages_above_depth=None, packages_end=None, packages_ignore=None, packages_ignore_regex=None, packages_select=None, packages_select_build_failed=False, packages_select_by_dep=None, packages_select_regex=None, packages_select_test_failures=False, packages_skip=None, packages_skip_build_finished=False, packages_skip_by_dep=None, packages_skip_regex=None, packages_skip_test_passed=False, packages_skip_up_to=None, packages_start=None, packages_up_to=None, packages_up_to_regex=None, parallel_workers=16, paths=None, symlink_install=True, test_result_base=None, verb_extension=<colcon_core.verb.build.BuildVerb object at 0x7fcebde239a0>, verb_name='build', verb_parser=<colcon_defaults.argument_parser.defaults.DefaultArgumentsDecorator object at 0x7fcebde23f10>)
[0.274s] Level 1:colcon.colcon_core.package_discovery:discover_packages(colcon_meta) check parameters
[0.275s] Level 1:colcon.colcon_core.package_discovery:discover_packages(recursive) check parameters
[0.275s] Level 1:colcon.colcon_core.package_discovery:discover_packages(ignore) check parameters
[0.275s] Level 1:colcon.colcon_core.package_discovery:discover_packages(path) check parameters
[0.275s] Level 1:colcon.colcon_core.package_discovery:discover_packages(colcon_meta) discover
[0.275s] Level 1:colcon.colcon_core.package_discovery:discover_packages(recursive) discover
[0.275s] INFO:colcon.colcon_core.package_discovery:Crawling recursively for packages in '/home/ice/dev_ws'
[0.275s] Level 1:colcon.colcon_core.package_identification:_identify(.) by extensions ['ignore', 'ignore_ament_install']
[0.275s] Level 1:colcon.colcon_core.package_identification:_identify(.) by extension 'ignore'
[0.275s] Level 1:colcon.colcon_core.package_identification:_identify(.) by extension 'ignore_ament_install'
[0.275s] Level 1:colcon.colcon_core.package_identification:_identify(.) by extensions ['colcon_pkg']
[0.275s] Level 1:colcon.colcon_core.package_identification:_identify(.) by extension 'colcon_pkg'
[0.275s] Level 1:colcon.colcon_core.package_identification:_identify(.) by extensions ['colcon_meta']
[0.275s] Level 1:colcon.colcon_core.package_identification:_identify(.) by extension 'colcon_meta'
[0.275s] Level 1:colcon.colcon_core.package_identification:_identify(.) by extensions ['ros']
[0.275s] Level 1:colcon.colcon_core.package_identification:_identify(.) by extension 'ros'
[0.289s] Level 1:colcon.colcon_core.package_identification:_identify(.) by extensions ['cmake', 'python']
[0.290s] Level 1:colcon.colcon_core.package_identification:_identify(.) by extension 'cmake'
[0.290s] Level 1:colcon.colcon_core.package_identification:_identify(.) by extension 'python'
[0.290s] Level 1:colcon.colcon_core.package_identification:_identify(.) by extensions ['python_setup_py']
[0.290s] Level 1:colcon.colcon_core.package_identification:_identify(.) by extension 'python_setup_py'
[0.290s] Level 1:colcon.colcon_core.package_identification:_identify(build) by extensions ['ignore', 'ignore_ament_install']
[0.290s] Level 1:colcon.colcon_core.package_identification:_identify(build) by extension 'ignore'
[0.290s] Level 1:colcon.colcon_core.package_identification:_identify(build) ignored
[0.290s] Level 1:colcon.colcon_core.package_identification:_identify(install) by extensions ['ignore', 'ignore_ament_install']
[0.290s] Level 1:colcon.colcon_core.package_identification:_identify(install) by extension 'ignore'
[0.290s] Level 1:colcon.colcon_core.package_identification:_identify(install) ignored
[0.290s] Level 1:colcon.colcon_core.package_identification:_identify(log) by extensions ['ignore', 'ignore_ament_install']
[0.290s] Level 1:colcon.colcon_core.package_identification:_identify(log) by extension 'ignore'
[0.290s] Level 1:colcon.colcon_core.package_identification:_identify(log) ignored
[0.291s] Level 1:colcon.colcon_core.package_identification:_identify(src) by extensions ['ignore', 'ignore_ament_install']
[0.291s] Level 1:colcon.colcon_core.package_identification:_identify(src) by extension 'ignore'
[0.291s] Level 1:colcon.colcon_core.package_identification:_identify(src) by extension 'ignore_ament_install'
[0.291s] Level 1:colcon.colcon_core.package_identification:_identify(src) by extensions ['colcon_pkg']
[0.291s] Level 1:colcon.colcon_core.package_identification:_identify(src) by extension 'colcon_pkg'
[0.291s] Level 1:colcon.colcon_core.package_identification:_identify(src) by extensions ['colcon_meta']
[0.291s] Level 1:colcon.colcon_core.package_identification:_identify(src) by extension 'colcon_meta'
[0.291s] Level 1:colcon.colcon_core.package_identification:_identify(src) by extensions ['ros']
[0.291s] Level 1:colcon.colcon_core.package_identification:_identify(src) by extension 'ros'
[0.291s] Level 1:colcon.colcon_core.package_identification:_identify(src) by extensions ['cmake', 'python']
[0.291s] Level 1:colcon.colcon_core.package_identification:_identify(src) by extension 'cmake'
[0.291s] Level 1:colcon.colcon_core.package_identification:_identify(src) by extension 'python'
[0.291s] Level 1:colcon.colcon_core.package_identification:_identify(src) by extensions ['python_setup_py']
[0.291s] Level 1:colcon.colcon_core.package_identification:_identify(src) by extension 'python_setup_py'
[0.291s] Level 1:colcon.colcon_core.package_identification:_identify(src/mek_lilrobot) by extensions ['ignore', 'ignore_ament_install']
[0.291s] Level 1:colcon.colcon_core.package_identification:_identify(src/mek_lilrobot) by extension 'ignore'
[0.291s] Level 1:colcon.colcon_core.package_identification:_identify(src/mek_lilrobot) by extension 'ignore_ament_install'
[0.291s] Level 1:colcon.colcon_core.package_identification:_identify(src/mek_lilrobot) by extensions ['colcon_pkg']
[0.291s] Level 1:colcon.colcon_core.package_identification:_identify(src/mek_lilrobot) by extension 'colcon_pkg'
[0.291s] Level 1:colcon.colcon_core.package_identification:_identify(src/mek_lilrobot) by extensions ['colcon_meta']
[0.291s] Level 1:colcon.colcon_core.package_identification:_identify(src/mek_lilrobot) by extension 'colcon_meta'
[0.291s] Level 1:colcon.colcon_core.package_identification:_identify(src/mek_lilrobot) by extensions ['ros']
[0.291s] Level 1:colcon.colcon_core.package_identification:_identify(src/mek_lilrobot) by extension 'ros'
[0.293s] DEBUG:colcon.colcon_core.package_identification:Package 'src/mek_lilrobot' with type 'ros.ament_cmake' and name 'mek_lilrobot'
[0.293s] Level 1:colcon.colcon_core.package_discovery:discover_packages(recursive) using defaults
[0.293s] Level 1:colcon.colcon_core.package_discovery:discover_packages(ignore) discover
[0.293s] Level 1:colcon.colcon_core.package_discovery:discover_packages(ignore) using defaults
[0.293s] Level 1:colcon.colcon_core.package_discovery:discover_packages(path) discover
[0.294s] Level 1:colcon.colcon_core.package_discovery:discover_packages(path) using defaults
[0.308s] Level 1:colcon.colcon_core.package_discovery:discover_packages(prefix_path) check parameters
[0.308s] Level 1:colcon.colcon_core.package_discovery:discover_packages(prefix_path) discover
[0.310s] DEBUG:colcon.colcon_installed_package_information.package_discovery:Found 1 installed packages in /home/ice/dev_ws/install
[0.312s] DEBUG:colcon.colcon_installed_package_information.package_discovery:Found 266 installed packages in /opt/ros/foxy
[0.313s] Level 1:colcon.colcon_core.package_discovery:discover_packages(prefix_path) using defaults
[0.364s] Level 5:colcon.colcon_core.verb:set package 'mek_lilrobot' build argument 'cmake_args' from command line to 'None'
[0.364s] Level 5:colcon.colcon_core.verb:set package 'mek_lilrobot' build argument 'cmake_target' from command line to 'None'
[0.364s] Level 5:colcon.colcon_core.verb:set package 'mek_lilrobot' build argument 'cmake_target_skip_unavailable' from command line to 'False'
[0.364s] Level 5:colcon.colcon_core.verb:set package 'mek_lilrobot' build argument 'cmake_clean_cache' from command line to 'False'
[0.364s] Level 5:colcon.colcon_core.verb:set package 'mek_lilrobot' build argument 'cmake_clean_first' from command line to 'False'
[0.364s] Level 5:colcon.colcon_core.verb:set package 'mek_lilrobot' build argument 'cmake_force_configure' from command line to 'False'
[0.364s] Level 5:colcon.colcon_core.verb:set package 'mek_lilrobot' build argument 'ament_cmake_args' from command line to 'None'
[0.364s] Level 5:colcon.colcon_core.verb:set package 'mek_lilrobot' build argument 'catkin_cmake_args' from command line to 'None'
[0.364s] Level 5:colcon.colcon_core.verb:set package 'mek_lilrobot' build argument 'catkin_skip_building_tests' from command line to 'False'
[0.364s] DEBUG:colcon.colcon_core.verb:Building package 'mek_lilrobot' with the following arguments: {'ament_cmake_args': None, 'build_base': '/home/ice/dev_ws/build/mek_lilrobot', 'catkin_cmake_args': None, 'catkin_skip_building_tests': False, 'cmake_args': None, 'cmake_clean_cache': False, 'cmake_clean_first': False, 'cmake_force_configure': False, 'cmake_target': None, 'cmake_target_skip_unavailable': False, 'install_base': '/home/ice/dev_ws/install/mek_lilrobot', 'merge_install': False, 'path': '/home/ice/dev_ws/src/mek_lilrobot', 'symlink_install': True, 'test_result_base': None}
[0.364s] INFO:colcon.colcon_core.executor:Executing jobs using 'parallel' executor
[0.367s] DEBUG:colcon.colcon_parallel_executor.executor.parallel:run_until_complete
[0.367s] INFO:colcon.colcon_ros.task.ament_cmake.build:Building ROS package in '/home/ice/dev_ws/src/mek_lilrobot' with build type 'ament_cmake'
[0.368s] INFO:colcon.colcon_cmake.task.cmake.build:Building CMake package in '/home/ice/dev_ws/src/mek_lilrobot'
[0.371s] INFO:colcon.colcon_core.plugin_system:Skipping extension 'colcon_core.shell.bat': Not used on non-Windows systems
[0.371s] INFO:colcon.colcon_core.shell:Skip shell extension 'powershell' for command environment: Not usable outside of PowerShell
[0.371s] DEBUG:colcon.colcon_core.shell:Skip shell extension 'dsv' for command environment
[0.385s] DEBUG:colcon.colcon_core.event_handler.log_command:Invoking command in '/home/ice/dev_ws/build/mek_lilrobot': CMAKE_PREFIX_PATH=${CMAKE_PREFIX_PATH}:/opt/ros/foxy /usr/bin/cmake --build /home/ice/dev_ws/build/mek_lilrobot -- -j16 -l16
[0.410s] DEBUG:colcon.colcon_core.event_handler.log_command:Invoked command in '/home/ice/dev_ws/build/mek_lilrobot' returned '0': CMAKE_PREFIX_PATH=${CMAKE_PREFIX_PATH}:/opt/ros/foxy /usr/bin/cmake --build /home/ice/dev_ws/build/mek_lilrobot -- -j16 -l16
[0.434s] DEBUG:colcon.colcon_core.event_handler.log_command:Invoking command in '/home/ice/dev_ws/build/mek_lilrobot': CMAKE_PREFIX_PATH=${CMAKE_PREFIX_PATH}:/opt/ros/foxy /usr/bin/cmake --install /home/ice/dev_ws/build/mek_lilrobot
[0.458s] Level 1:colcon.colcon_core.environment:create_environment_scripts_only(mek_lilrobot)
[0.460s] DEBUG:colcon.colcon_core.event_handler.log_command:Invoked command in '/home/ice/dev_ws/build/mek_lilrobot' returned '0': CMAKE_PREFIX_PATH=${CMAKE_PREFIX_PATH}:/opt/ros/foxy /usr/bin/cmake --install /home/ice/dev_ws/build/mek_lilrobot
[0.463s] Level 1:colcon.colcon_core.environment:checking '/home/ice/dev_ws/install/mek_lilrobot' for CMake module files
[0.464s] Level 1:colcon.colcon_core.environment:checking '/home/ice/dev_ws/install/mek_lilrobot' for CMake config files
[0.464s] Level 1:colcon.colcon_core.shell:create_environment_hook('mek_lilrobot', 'cmake_prefix_path')
[0.465s] INFO:colcon.colcon_core.shell:Creating environment hook '/home/ice/dev_ws/install/mek_lilrobot/share/mek_lilrobot/hook/cmake_prefix_path.ps1'
[0.465s] INFO:colcon.colcon_core.shell:Creating environment descriptor '/home/ice/dev_ws/install/mek_lilrobot/share/mek_lilrobot/hook/cmake_prefix_path.dsv'
[0.466s] INFO:colcon.colcon_core.shell:Creating environment hook '/home/ice/dev_ws/install/mek_lilrobot/share/mek_lilrobot/hook/cmake_prefix_path.sh'
[0.466s] Level 1:colcon.colcon_core.environment:checking '/home/ice/dev_ws/install/mek_lilrobot/bin'
[0.466s] Level 1:colcon.colcon_core.environment:checking '/home/ice/dev_ws/install/mek_lilrobot/lib/pkgconfig/mek_lilrobot.pc'
[0.467s] Level 1:colcon.colcon_core.environment:checking '/home/ice/dev_ws/install/mek_lilrobot/lib/python3.8/site-packages'
[0.467s] Level 1:colcon.colcon_core.environment:checking '/home/ice/dev_ws/install/mek_lilrobot/bin'
[0.468s] INFO:colcon.colcon_core.shell:Creating package script '/home/ice/dev_ws/install/mek_lilrobot/share/mek_lilrobot/package.ps1'
[0.469s] INFO:colcon.colcon_core.shell:Creating package descriptor '/home/ice/dev_ws/install/mek_lilrobot/share/mek_lilrobot/package.dsv'
[0.469s] INFO:colcon.colcon_core.shell:Creating package script '/home/ice/dev_ws/install/mek_lilrobot/share/mek_lilrobot/package.sh'
[0.470s] INFO:colcon.colcon_core.shell:Creating package script '/home/ice/dev_ws/install/mek_lilrobot/share/mek_lilrobot/package.bash'
[0.470s] INFO:colcon.colcon_core.shell:Creating package script '/home/ice/dev_ws/install/mek_lilrobot/share/mek_lilrobot/package.zsh'
[0.471s] Level 1:colcon.colcon_core.environment:create_file_with_runtime_dependencies(/home/ice/dev_ws/install/mek_lilrobot/share/colcon-core/packages/mek_lilrobot)
[0.488s] Level 1:colcon.colcon_core.environment:create_environment_scripts_only(mek_lilrobot)
[0.490s] Level 1:colcon.colcon_core.environment:checking '/home/ice/dev_ws/install/mek_lilrobot' for CMake module files
[0.490s] Level 1:colcon.colcon_core.environment:checking '/home/ice/dev_ws/install/mek_lilrobot' for CMake config files
[0.490s] Level 1:colcon.colcon_core.shell:create_environment_hook('mek_lilrobot', 'cmake_prefix_path')
[0.491s] INFO:colcon.colcon_core.shell:Creating environment hook '/home/ice/dev_ws/install/mek_lilrobot/share/mek_lilrobot/hook/cmake_prefix_path.ps1'
[0.491s] INFO:colcon.colcon_core.shell:Creating environment descriptor '/home/ice/dev_ws/install/mek_lilrobot/share/mek_lilrobot/hook/cmake_prefix_path.dsv'
[0.492s] INFO:colcon.colcon_core.shell:Creating environment hook '/home/ice/dev_ws/install/mek_lilrobot/share/mek_lilrobot/hook/cmake_prefix_path.sh'
[0.492s] Level 1:colcon.colcon_core.environment:checking '/home/ice/dev_ws/install/mek_lilrobot/bin'
[0.492s] Level 1:colcon.colcon_core.environment:checking '/home/ice/dev_ws/install/mek_lilrobot/lib/pkgconfig/mek_lilrobot.pc'
[0.492s] Level 1:colcon.colcon_core.environment:checking '/home/ice/dev_ws/install/mek_lilrobot/lib/python3.8/site-packages'
[0.493s] Level 1:colcon.colcon_core.environment:checking '/home/ice/dev_ws/install/mek_lilrobot/bin'
[0.494s] INFO:colcon.colcon_core.shell:Creating package script '/home/ice/dev_ws/install/mek_lilrobot/share/mek_lilrobot/package.ps1'
[0.494s] INFO:colcon.colcon_core.shell:Creating package descriptor '/home/ice/dev_ws/install/mek_lilrobot/share/mek_lilrobot/package.dsv'
[0.494s] INFO:colcon.colcon_core.shell:Creating package script '/home/ice/dev_ws/install/mek_lilrobot/share/mek_lilrobot/package.sh'
[0.495s] INFO:colcon.colcon_core.shell:Creating package script '/home/ice/dev_ws/install/mek_lilrobot/share/mek_lilrobot/package.bash'
[0.495s] INFO:colcon.colcon_core.shell:Creating package script '/home/ice/dev_ws/install/mek_lilrobot/share/mek_lilrobot/package.zsh'
[0.495s] Level 1:colcon.colcon_core.environment:create_file_with_runtime_dependencies(/home/ice/dev_ws/install/mek_lilrobot/share/colcon-core/packages/mek_lilrobot)
[0.496s] DEBUG:colcon.colcon_parallel_executor.executor.parallel:closing loop
[0.496s] DEBUG:colcon.colcon_parallel_executor.executor.parallel:loop closed
[0.497s] DEBUG:colcon.colcon_parallel_executor.executor.parallel:run_until_complete finished with '0'
[0.497s] DEBUG:colcon.colcon_core.event_reactor:joining thread
[0.497s] DEBUG:colcon.colcon_core.event_reactor:joined thread
[0.498s] INFO:colcon.colcon_core.shell:Creating prefix script '/home/ice/dev_ws/install/local_setup.ps1'
[0.499s] INFO:colcon.colcon_core.shell:Creating prefix util module '/home/ice/dev_ws/install/_local_setup_util_ps1.py'
[0.500s] INFO:colcon.colcon_core.shell:Creating prefix chain script '/home/ice/dev_ws/install/setup.ps1'
[0.501s] INFO:colcon.colcon_core.shell:Creating prefix script '/home/ice/dev_ws/install/local_setup.sh'
[0.501s] INFO:colcon.colcon_core.shell:Creating prefix util module '/home/ice/dev_ws/install/_local_setup_util_sh.py'
[0.502s] INFO:colcon.colcon_core.shell:Creating prefix chain script '/home/ice/dev_ws/install/setup.sh'
[0.503s] INFO:colcon.colcon_core.shell:Creating prefix script '/home/ice/dev_ws/install/local_setup.bash'
[0.503s] INFO:colcon.colcon_core.shell:Creating prefix chain script '/home/ice/dev_ws/install/setup.bash'
[0.504s] INFO:colcon.colcon_core.shell:Creating prefix script '/home/ice/dev_ws/install/local_setup.zsh'
[0.505s] INFO:colcon.colcon_core.shell:Creating prefix chain script '/home/ice/dev_ws/install/setup.zsh'
